ERROR -> 2022-05-26 00:53:54.625[main][com.zk.devleopment.tool.gen.action.code.ZKReactCodeGenUtils] - [>_<:20210425-1138-001] 生成 react 代码 genTestModule/sub/genTestModuleSubTestTableGen/edit.js, 异常
ERROR -> 2022-05-26 00:54:15.519[main][freemarker.runtime] - Error executing FreeMarker template
FreeMarker template error:
For "&&" left-hand operand: Expected a boolean, but this has evaluated to a number (wrapper: f.t.SimpleNumber):
==> genFlag  [in template "name" at line 21, column 25]

----
FTL stack trace ("~" means nesting-related):
	- Failed at: #if genFlag && 1 == 0 && (zkCol.editS...  [in template "name" at line 21, column 20]
----

Java stack trace (for programmers):
----
freemarker.core.NonBooleanException: [... Exception message was already printed; see it above ...]
	at freemarker.core.Expression.modelToBoolean(Expression.java:179)
	at freemarker.core.Expression.evalToBoolean(Expression.java:162)
	at freemarker.core.Expression.evalToBoolean(Expression.java:147)
	at freemarker.core.AndExpression.evalToBoolean(AndExpression.java:36)
	at freemarker.core.AndExpression.evalToBoolean(AndExpression.java:36)
	at freemarker.core.ConditionalBlock.accept(ConditionalBlock.java:48)
	at freemarker.core.Environment.visit(Environment.java:366)
	at freemarker.core.Environment.visitAndTransform(Environment.java:495)
	at freemarker.core.CompressedBlock.accept(CompressedBlock.java:42)
	at freemarker.core.Environment.visit(Environment.java:366)
	at freemarker.core.IteratorBlock$IterationContext.executedNestedContentForCollOrSeqListing(IteratorBlock.java:317)
	at freemarker.core.IteratorBlock$IterationContext.executeNestedContent(IteratorBlock.java:271)
	at freemarker.core.IteratorBlock$IterationContext.accept(IteratorBlock.java:242)
	at freemarker.core.Environment.visitIteratorBlock(Environment.java:642)
	at freemarker.core.IteratorBlock.acceptWithResult(IteratorBlock.java:107)
	at freemarker.core.IteratorBlock.accept(IteratorBlock.java:93)
	at freemarker.core.Environment.visit(Environment.java:366)
	at freemarker.core.Environment.visitAndTransform(Environment.java:495)
	at freemarker.core.CompressedBlock.accept(CompressedBlock.java:42)
	at freemarker.core.Environment.visit(Environment.java:330)
	at freemarker.core.Environment.visit(Environment.java:336)
	at freemarker.core.Environment.process(Environment.java:309)
	at freemarker.template.Template.process(Template.java:384)
	at com.zk.core.utils.ZKFreeMarkersUtils.renderString(ZKFreeMarkersUtils.java:53)
	at com.zk.devleopment.tool.gen.action.ZKCodeFileUtils.genCodeFile(ZKCodeFileUtils.java:85)
	at com.zk.devleopment.tool.gen.action.code.ZKReactCodeGenUtils.genEdit(ZKReactCodeGenUtils.java:103)
	at com.zk.devleopment.tool.gen.action.code.ZKReactCodeGenUtilsTest.testGenEdit(ZKReactCodeGenUtilsTest.java:86)
	at sun.reflect.NativeMethodAccessorImpl.invoke0(Native Method)
	at sun.reflect.NativeMethodAccessorImpl.invoke(NativeMethodAccessorImpl.java:62)
	at sun.reflect.DelegatingMethodAccessorImpl.invoke(DelegatingMethodAccessorImpl.java:43)
	at java.lang.reflect.Method.invoke(Method.java:498)
	at org.junit.runners.model.FrameworkMethod$1.runReflectiveCall(FrameworkMethod.java:50)
	at org.junit.internal.runners.model.ReflectiveCallable.run(ReflectiveCallable.java:12)
	at org.junit.runners.model.FrameworkMethod.invokeExplosively(FrameworkMethod.java:47)
	at org.junit.internal.runners.statements.InvokeMethod.evaluate(InvokeMethod.java:17)
	at org.junit.runners.ParentRunner.runLeaf(ParentRunner.java:325)
	at org.junit.runners.BlockJUnit4ClassRunner.runChild(BlockJUnit4ClassRunner.java:78)
	at org.junit.runners.BlockJUnit4ClassRunner.runChild(BlockJUnit4ClassRunner.java:57)
	at org.junit.runners.ParentRunner$3.run(ParentRunner.java:290)
	at org.junit.runners.ParentRunner$1.schedule(ParentRunner.java:71)
	at org.junit.runners.ParentRunner.runChildren(ParentRunner.java:288)
	at org.junit.runners.ParentRunner.access$000(ParentRunner.java:58)
	at org.junit.runners.ParentRunner$2.evaluate(ParentRunner.java:268)
	at org.junit.runners.ParentRunner.run(ParentRunner.java:363)
	at org.eclipse.jdt.internal.junit4.runner.JUnit4TestReference.run(JUnit4TestReference.java:89)
	at org.eclipse.jdt.internal.junit.runner.TestExecution.run(TestExecution.java:41)
	at org.eclipse.jdt.internal.junit.runner.RemoteTestRunner.runTests(RemoteTestRunner.java:542)
	at org.eclipse.jdt.internal.junit.runner.RemoteTestRunner.runTests(RemoteTestRunner.java:770)
	at org.eclipse.jdt.internal.junit.runner.RemoteTestRunner.run(RemoteTestRunner.java:464)
	at org.eclipse.jdt.internal.junit.runner.RemoteTestRunner.main(RemoteTestRunner.java:210)
ERROR -> 2022-05-26 00:54:15.585[main][com.zk.devleopment.tool.gen.action.code.ZKReactCodeGenUtils] - [>_<:20210425-1138-001] 生成 react 代码 genTestModule/sub/genTestModuleSubTestTableGen/edit.js, 异常
ERROR -> 2022-05-26 00:55:17.874[main][com.zk.devleopment.tool.gen.action.code.ZKReactCodeGenUtils] - [>_<:20210425-1138-001] 生成 react 代码 genTestModule/sub/genTestModuleSubTestTableGen/edit.js, 异常
ERROR -> 2022-05-26 00:55:40.046[main][com.zk.devleopment.tool.gen.action.code.ZKReactCodeGenUtils] - [>_<:20210425-1138-001] 生成 react 代码 genTestModule/sub/genTestModuleSubTestTableGen/edit.js, 异常
ERROR -> 2022-05-26 00:56:16.677[main][com.zk.devleopment.tool.gen.action.code.ZKReactCodeGenUtils] - [>_<:20210425-1138-001] 生成 react 代码 genTestModule/sub/genTestModuleSubTestTableGen/edit.js, 异常
ERROR -> 2022-05-26 01:03:59.653[main][com.zk.devleopment.tool.gen.action.code.ZKReactCodeGenUtils] - [>_<:20210425-1138-001] 生成 react 代码 genTestModule/sub/genTestModuleSubTestTableGen/edit.js, 异常
ERROR -> 2022-05-26 01:04:42.485[main][com.zk.devleopment.tool.gen.action.code.ZKReactCodeGenUtils] - [>_<:20210425-1138-001] 生成 react 代码 genTestModule/sub/genTestModuleSubTestTableGen/edit.js, 异常
ERROR -> 2022-05-26 01:05:33.364[main][freemarker.runtime] - Error executing FreeMarker template
FreeMarker template error:
The following has evaluated to null or missing:
==> v  [in template "name" at line 61, column 25]

----
Tip: If the failing expression is known to legally refer to something that's sometimes null or missing, either specify a default value like myOptionalVar!myDefault, or use <#if myOptionalVar??>when-present<#else>when-missing</#if>. (These only cover the last step of the expression; to cover the whole expression, use parenthesis: (myOptionalVar.foo)!myDefault, (myOptionalVar.foo)??
----

----
FTL stack trace ("~" means nesting-related):
	- Failed at: #if v == 0 && (zkCol.editStrategy == ...  [in template "name" at line 61, column 20]
----

Java stack trace (for programmers):
----
freemarker.core.InvalidReferenceException: [... Exception message was already printed; see it above ...]
	at freemarker.core.InvalidReferenceException.getInstance(InvalidReferenceException.java:134)
	at freemarker.core.EvalUtil.compare(EvalUtil.java:198)
	at freemarker.core.EvalUtil.compare(EvalUtil.java:115)
	at freemarker.core.ComparisonExpression.evalToBoolean(ComparisonExpression.java:62)
	at freemarker.core.AndExpression.evalToBoolean(AndExpression.java:36)
	at freemarker.core.ConditionalBlock.accept(ConditionalBlock.java:48)
	at freemarker.core.Environment.visit(Environment.java:366)
	at freemarker.core.Environment.visitAndTransform(Environment.java:495)
	at freemarker.core.CompressedBlock.accept(CompressedBlock.java:42)
	at freemarker.core.Environment.visit(Environment.java:366)
	at freemarker.core.IteratorBlock$IterationContext.executedNestedContentForCollOrSeqListing(IteratorBlock.java:317)
	at freemarker.core.IteratorBlock$IterationContext.executeNestedContent(IteratorBlock.java:271)
	at freemarker.core.IteratorBlock$IterationContext.accept(IteratorBlock.java:242)
	at freemarker.core.Environment.visitIteratorBlock(Environment.java:642)
	at freemarker.core.IteratorBlock.acceptWithResult(IteratorBlock.java:107)
	at freemarker.core.IteratorBlock.accept(IteratorBlock.java:93)
	at freemarker.core.Environment.visit(Environment.java:366)
	at freemarker.core.Environment.visitAndTransform(Environment.java:495)
	at freemarker.core.CompressedBlock.accept(CompressedBlock.java:42)
	at freemarker.core.Environment.visit(Environment.java:330)
	at freemarker.core.Environment.visit(Environment.java:336)
	at freemarker.core.Environment.process(Environment.java:309)
	at freemarker.template.Template.process(Template.java:384)
	at com.zk.core.utils.ZKFreeMarkersUtils.renderString(ZKFreeMarkersUtils.java:53)
	at com.zk.devleopment.tool.gen.action.ZKCodeFileUtils.genCodeFile(ZKCodeFileUtils.java:85)
	at com.zk.devleopment.tool.gen.action.code.ZKReactCodeGenUtils.genEdit(ZKReactCodeGenUtils.java:103)
	at com.zk.devleopment.tool.gen.action.code.ZKReactCodeGenUtilsTest.testGenEdit(ZKReactCodeGenUtilsTest.java:86)
	at sun.reflect.NativeMethodAccessorImpl.invoke0(Native Method)
	at sun.reflect.NativeMethodAccessorImpl.invoke(NativeMethodAccessorImpl.java:62)
	at sun.reflect.DelegatingMethodAccessorImpl.invoke(DelegatingMethodAccessorImpl.java:43)
	at java.lang.reflect.Method.invoke(Method.java:498)
	at org.junit.runners.model.FrameworkMethod$1.runReflectiveCall(FrameworkMethod.java:50)
	at org.junit.internal.runners.model.ReflectiveCallable.run(ReflectiveCallable.java:12)
	at org.junit.runners.model.FrameworkMethod.invokeExplosively(FrameworkMethod.java:47)
	at org.junit.internal.runners.statements.InvokeMethod.evaluate(InvokeMethod.java:17)
	at org.junit.runners.ParentRunner.runLeaf(ParentRunner.java:325)
	at org.junit.runners.BlockJUnit4ClassRunner.runChild(BlockJUnit4ClassRunner.java:78)
	at org.junit.runners.BlockJUnit4ClassRunner.runChild(BlockJUnit4ClassRunner.java:57)
	at org.junit.runners.ParentRunner$3.run(ParentRunner.java:290)
	at org.junit.runners.ParentRunner$1.schedule(ParentRunner.java:71)
	at org.junit.runners.ParentRunner.runChildren(ParentRunner.java:288)
	at org.junit.runners.ParentRunner.access$000(ParentRunner.java:58)
	at org.junit.runners.ParentRunner$2.evaluate(ParentRunner.java:268)
	at org.junit.runners.ParentRunner.run(ParentRunner.java:363)
	at org.eclipse.jdt.internal.junit4.runner.JUnit4TestReference.run(JUnit4TestReference.java:89)
	at org.eclipse.jdt.internal.junit.runner.TestExecution.run(TestExecution.java:41)
	at org.eclipse.jdt.internal.junit.runner.RemoteTestRunner.runTests(RemoteTestRunner.java:542)
	at org.eclipse.jdt.internal.junit.runner.RemoteTestRunner.runTests(RemoteTestRunner.java:770)
	at org.eclipse.jdt.internal.junit.runner.RemoteTestRunner.run(RemoteTestRunner.java:464)
	at org.eclipse.jdt.internal.junit.runner.RemoteTestRunner.main(RemoteTestRunner.java:210)
ERROR -> 2022-05-26 01:05:33.401[main][com.zk.devleopment.tool.gen.action.code.ZKReactCodeGenUtils] - [>_<:20210425-1138-001] 生成 react 代码 genTestModule/sub/genTestModuleSubTestTableGen/edit.js, 异常
